2023-02-28 10:25:45,380 - DEBUG - Got the message from CLI: Test
2023-02-28 10:25:45,389 - DEBUG - Starting new HTTPS connection (1): masto.ai:443
2023-02-28 10:25:45,869 - DEBUG - https://masto.ai:443 "GET /api/v1/instance/ HTTP/1.1" 200 None
2023-02-28 10:27:20,500 - DEBUG - Got the message from CLI: Test
2023-02-28 10:27:20,505 - DEBUG - Got the event data.
2023-02-28 10:27:20,506 - DEBUG - Got the presenter data.
2023-02-28 10:27:20,506 - DEBUG - Got the cred data.
2023-02-28 10:27:20,506 - DEBUG - Rendered the template: Test

Presenter 1 can be found at presenter1@twitter.com.
#TFD27 
2023-02-28 10:27:20,510 - DEBUG - Starting new HTTPS connection (1): masto.ai:443
2023-02-28 10:27:20,964 - DEBUG - https://masto.ai:443 "GET /api/v1/instance/ HTTP/1.1" 200 None
2023-02-28 10:28:37,977 - DEBUG - Got the message from CLI: Test
2023-02-28 10:28:37,981 - DEBUG - Got the event data.
2023-02-28 10:28:37,982 - DEBUG - Got the presenter data.
2023-02-28 10:28:37,982 - DEBUG - Got the cred data.
2023-02-28 10:28:37,982 - DEBUG - Rendered the template: Test

Presenter 1 can be found at presenter1@twitter.com.
#TFD27 
2023-02-28 10:28:37,986 - DEBUG - Starting new HTTPS connection (1): masto.ai:443
2023-02-28 10:28:38,412 - DEBUG - https://masto.ai:443 "GET /api/v1/instance/ HTTP/1.1" 200 None
2023-02-28 10:28:38,413 - DEBUG - The Mastodon connection: <mastodon.Mastodon.Mastodon object at 0x000001FBF55471F0>
2023-02-28 10:28:59,386 - DEBUG - Got the message from CLI: Test
2023-02-28 10:28:59,390 - DEBUG - Got the event data.
2023-02-28 10:28:59,391 - DEBUG - Got the presenter data.
2023-02-28 10:28:59,391 - DEBUG - Got the cred data.
2023-02-28 10:28:59,391 - DEBUG - Rendered the template: Test

Presenter 1 can be found at presenter1@twitter.com.
#TFD27 
2023-02-28 10:28:59,395 - DEBUG - Starting new HTTPS connection (1): masto.ai:443
2023-02-28 10:28:59,817 - DEBUG - https://masto.ai:443 "GET /api/v1/instance/ HTTP/1.1" 200 None
2023-02-28 10:28:59,819 - DEBUG - The Mastodon connection: <mastodon.Mastodon.Mastodon object at 0x000001FDD79071F0>
2023-02-28 10:29:09,428 - DEBUG - Got the message from CLI: Test
2023-02-28 10:29:09,433 - DEBUG - Got the event data.
2023-02-28 10:29:09,433 - DEBUG - Got the presenter data.
2023-02-28 10:29:09,434 - DEBUG - Got the cred data.
2023-02-28 10:29:09,434 - DEBUG - Rendered the template: Test

Presenter 1 can be found at presenter1@twitter.com.
#TFD27 
2023-02-28 10:29:09,438 - DEBUG - Starting new HTTPS connection (1): masto.ai:443
2023-02-28 10:29:09,861 - DEBUG - https://masto.ai:443 "GET /api/v1/instance/ HTTP/1.1" 200 None
